<?xml version="1.0" encoding="UTF-8"?>
<!-- Generated by org.testng.reporters.JUnitXMLReporter -->
<testsuite ignored="0" hostname="LAPTOP-JKHBR3HG" failures="0" tests="3" name="Surefire test" time="12.732" errors="0" timestamp="2026-05-07T14:22:44 EST">
  <testcase classname="tests.LoginTest" name="loginExitoso" time="1.969"/>
  <testcase classname="tests.LoginTest" name="agregarCarrito" time="2.068"/>
  <testcase classname="tests.LoginTest" name="loginFallido" time="1.844"/>
</testsuite> <!-- Surefire test -->
