<?xml version="1.0" encoding="UTF-8"?>
<testng-results ignored="0" total="3" passed="3" failed="0" skipped="0">
  <reporter-output>
  </reporter-output>
  <suite started-at="2026-05-07T14:22:31 EST" name="Surefire suite" finished-at="2026-05-07T14:22:44 EST" duration-ms="12732">
    <groups>
    </groups>
    <test started-at="2026-05-07T14:22:31 EST" name="Surefire test" finished-at="2026-05-07T14:22:44 EST" duration-ms="12732">
      <class name="tests.LoginTest">
        <test-method is-config="true" signature="setup()[pri:0, instance:tests.LoginTest@47542153]" started-at="2026-05-07T14:22:31 EST" name="setup" finished-at="2026-05-07T14:22:34 EST" duration-ms="3037" status="PASS">
          <reporter-output>
          </reporter-output>
        </test-method> <!-- setup -->
        <test-method signature="loginExitoso()[pri:1, instance:tests.LoginTest@47542153]" started-at="2026-05-07T14:22:34 EST" name="loginExitoso" finished-at="2026-05-07T14:22:36 EST" duration-ms="1969" status="PASS">
          <reporter-output>
          </reporter-output>
        </test-method> <!-- loginExitoso -->
        <test-method is-config="true" signature="cerrar()[pri:0, instance:tests.LoginTest@47542153]" started-at="2026-05-07T14:22:36 EST" name="cerrar" finished-at="2026-05-07T14:22:37 EST" duration-ms="381" status="PASS">
          <reporter-output>
          </reporter-output>
        </test-method> <!-- cerrar -->
        <test-method is-config="true" signature="setup()[pri:0, instance:tests.LoginTest@47542153]" started-at="2026-05-07T14:22:37 EST" name="setup" finished-at="2026-05-07T14:22:38 EST" duration-ms="1408" status="PASS">
          <reporter-output>
          </reporter-output>
        </test-method> <!-- setup -->
        <test-method signature="agregarCarrito()[pri:2, instance:tests.LoginTest@47542153]" started-at="2026-05-07T14:22:38 EST" name="agregarCarrito" finished-at="2026-05-07T14:22:40 EST" duration-ms="2068" status="PASS">
          <reporter-output>
          </reporter-output>
        </test-method> <!-- agregarCarrito -->
        <test-method is-config="true" signature="cerrar()[pri:0, instance:tests.LoginTest@47542153]" started-at="2026-05-07T14:22:40 EST" name="cerrar" finished-at="2026-05-07T14:22:41 EST" duration-ms="310" status="PASS">
          <reporter-output>
          </reporter-output>
        </test-method> <!-- cerrar -->
        <test-method is-config="true" signature="setup()[pri:0, instance:tests.LoginTest@47542153]" started-at="2026-05-07T14:22:41 EST" name="setup" finished-at="2026-05-07T14:22:42 EST" duration-ms="1361" status="PASS">
          <reporter-output>
          </reporter-output>
        </test-method> <!-- setup -->
        <test-method signature="loginFallido()[pri:3, instance:tests.LoginTest@47542153]" started-at="2026-05-07T14:22:42 EST" name="loginFallido" finished-at="2026-05-07T14:22:44 EST" duration-ms="1844" status="PASS">
          <reporter-output>
          </reporter-output>
        </test-method> <!-- loginFallido -->
        <test-method is-config="true" signature="cerrar()[pri:0, instance:tests.LoginTest@47542153]" started-at="2026-05-07T14:22:44 EST" name="cerrar" finished-at="2026-05-07T14:22:44 EST" duration-ms="295" status="PASS">
          <reporter-output>
          </reporter-output>
        </test-method> <!-- cerrar -->
      </class> <!-- tests.LoginTest -->
    </test> <!-- Surefire test -->
  </suite> <!-- Surefire suite -->
</testng-results>
