<?xml version="1.0" encoding="UTF-8"?>
<!-- Generated by org.testng.reporters.JUnitReportReporter -->
<testsuite hostname="LAPTOP-JKHBR3HG" failures="0" tests="3" name="tests.LoginTest" time="12.673" errors="0" timestamp="2026-05-07T14:22:44 EST" skipped="0">
  <testcase classname="tests.LoginTest" name="loginExitoso" time="5.387"/>
  <testcase classname="tests.LoginTest" name="agregarCarrito" time="3.786"/>
  <testcase classname="tests.LoginTest" name="loginFallido" time="3.500"/>
</testsuite> <!-- tests.LoginTest -->
